2023-03-14 01:24:43.610 | INFO     | __main__:<module>:20 - Начал работу
2023-03-14 01:39:13.742 | INFO     | __main__:<module>:21 - Начал работу
2023-03-14 01:39:16.515 | INFO     | __main__:callback_query:28 - ['order-currency', 'RUR']
2023-03-14 01:39:16.719 | INFO     | __main__:callback_query:68 - 'Валюта[RUR]' - Minimal
2023-03-14 01:39:17.742 | INFO     | __main__:callback_query:28 - ['order-paymentGateways', '1469823']
2023-03-14 01:39:17.850 | INFO     | __main__:callback_query:73 - 'Тип оплаты[1469823]' - Minimal
2023-03-14 01:39:20.554 | INFO     | __main__:get_product_id:127 - 'product_id': '340224712', 'name': 'Куртка кожаная натуральная женская черная утепленая (бомбер) PRADA' - Minimal
2023-03-14 01:39:23.304 | INFO     | __main__:callback_query:28 - ['order-price', 'current', '15188.0']
2023-03-14 01:39:24.531 | INFO     | __main__:callback_query:28 - ['order-quantity', '1']
2023-03-14 01:39:24.605 | INFO     | __main__:callback_query:50 - quantity: 1 - Minimal
2023-03-14 01:39:28.412 | INFO     | __main__:get_client_name:177 - 'client_name': 'sddf fsd sdf' - Minimal
2023-03-14 01:39:30.982 | INFO     | __main__:get_client_phone:203 - 'client_phone': '79934055804' - Minimal
2023-03-14 01:39:32.433 | INFO     | __main__:callback_query:28 - ['сreate']
2023-03-14 01:39:32.504 | INFO     | __main__:callback_query:33 - Создание заказа --- Minimal
2023-03-14 01:39:32.948 | INFO     | __main__:callback_query:36 - ['Заказ успешно создан']
2023-03-14 01:39:37.171 | INFO     | __main__:callback_query:28 - ['order']
2023-03-14 01:39:37.240 | INFO     | __main__:callback_query:82 - 'Заказы' - Minimal
2023-03-14 01:39:38.255 | INFO     | __main__:callback_query:28 - ['order-currency', 'RUR']
2023-03-14 01:39:38.323 | INFO     | __main__:callback_query:68 - 'Валюта[RUR]' - Minimal
2023-03-14 01:39:39.588 | INFO     | __main__:callback_query:28 - ['order-paymentGateways', '2099426']
2023-03-14 01:39:39.662 | INFO     | __main__:callback_query:73 - 'Тип оплаты[2099426]' - Minimal
2023-03-14 01:39:43.171 | INFO     | __main__:get_product_id:127 - 'product_id': '340224712', 'name': 'Куртка кожаная натуральная женская черная утепленая (бомбер) PRADA' - Minimal
2023-03-14 01:39:44.982 | INFO     | __main__:callback_query:28 - ['order-price', 'current', '15188.0']
2023-03-14 01:39:46.719 | INFO     | __main__:callback_query:28 - ['order-quantity', '1']
2023-03-14 01:39:46.874 | INFO     | __main__:callback_query:50 - quantity: 1 - Minimal
2023-03-14 01:39:49.910 | INFO     | __main__:get_client_name:177 - 'client_name': 'ыва ываыв sdf' - Minimal
2023-03-14 01:39:52.086 | INFO     | __main__:get_client_phone:203 - 'client_phone': '79934055804' - Minimal
2023-03-14 01:39:53.416 | INFO     | __main__:callback_query:28 - ['сreate']
2023-03-14 01:39:53.487 | INFO     | __main__:callback_query:33 - Создание заказа --- Minimal
2023-03-14 01:39:53.901 | INFO     | __main__:callback_query:36 - ['Ссылка на оплату', 'http://market-ra.ru/payments/external/2099426/create?key=73403d05d651d3febbbda892a00eac33']
2023-03-14 01:41:25.225 | INFO     | __main__:callback_query:28 - ['order']
2023-03-14 01:41:25.297 | INFO     | __main__:callback_query:82 - 'Заказы' - Minimal
2023-03-14 01:41:26.259 | INFO     | __main__:callback_query:28 - ['order-currency', 'RUR']
2023-03-14 01:41:26.330 | INFO     | __main__:callback_query:68 - 'Валюта[RUR]' - Minimal
2023-03-14 01:41:27.974 | INFO     | __main__:callback_query:28 - ['order-paymentGateways', '2749759']
2023-03-14 01:41:28.052 | INFO     | __main__:callback_query:73 - 'Тип оплаты[2749759]' - Minimal
2023-03-14 01:41:30.799 | INFO     | __main__:get_product_id:127 - 'product_id': '340224712', 'name': 'Куртка кожаная натуральная женская черная утепленая (бомбер) PRADA' - Minimal
2023-03-14 01:41:41.966 | INFO     | __main__:callback_query:28 - ['order-price', 'current', '15188.0']
2023-03-14 01:41:43.250 | INFO     | __main__:callback_query:28 - ['order-quantity', '1']
2023-03-14 01:41:43.337 | INFO     | __main__:callback_query:50 - quantity: 1 - Minimal
2023-03-14 01:41:46.630 | INFO     | __main__:get_client_name:177 - 'client_name': 'ыва ываыв sdf' - Minimal
2023-03-14 01:41:48.892 | INFO     | __main__:get_client_phone:203 - 'client_phone': '79934055804' - Minimal
2023-03-14 01:41:50.999 | INFO     | __main__:callback_query:28 - ['сreate']
2023-03-14 01:41:51.083 | INFO     | __main__:callback_query:33 - Создание заказа --- Minimal
2023-03-14 01:41:51.485 | INFO     | __main__:callback_query:36 - ['Ссылка на оплату', 'http://market-ra.ru/payments/external/2749759/create?key=3a1a8476536382551623664e338394b7']
2023-03-14 02:00:30.700 | INFO     | __main__:<module>:21 - Начал работу
2023-03-14 02:00:31.090 | INFO     | __main__:callback_query:28 - ['order']
2023-03-14 02:00:31.296 | INFO     | __main__:callback_query:82 - 'Заказы' - Minimal
2023-03-14 02:00:32.116 | INFO     | __main__:callback_query:28 - ['order-currency', 'RUR']
2023-03-14 02:00:32.313 | INFO     | __main__:callback_query:68 - 'Валюта[RUR]' - Minimal
2023-03-14 02:00:34.734 | INFO     | __main__:callback_query:28 - ['order-paymentGateways', '2099426']
2023-03-14 02:00:34.805 | INFO     | __main__:callback_query:73 - 'Тип оплаты[2099426]' - Minimal
2023-03-14 02:00:37.337 | INFO     | __main__:get_product_id:127 - 'product_id': '340224712', 'name': 'Куртка кожаная натуральная женская черная утепленая (бомбер) PRADA' - Minimal
2023-03-14 02:00:40.319 | INFO     | __main__:callback_query:28 - ['order-price', 'current', '15188.0']
2023-03-14 02:00:41.762 | INFO     | __main__:callback_query:28 - ['order-quantity', '1']
2023-03-14 02:00:41.834 | INFO     | __main__:callback_query:50 - quantity: 1 - Minimal
2023-03-14 02:00:49.544 | INFO     | __main__:get_client_name:177 - 'client_name': 'Салимов Артур Ильгизович' - Minimal
2023-03-14 02:00:51.753 | INFO     | __main__:get_client_phone:203 - 'client_phone': '79934055804' - Minimal
2023-03-14 02:00:55.483 | INFO     | __main__:callback_query:28 - ['сreate']
2023-03-14 02:00:55.551 | INFO     | __main__:callback_query:33 - Создание заказа --- Minimal
2023-03-14 02:00:56.074 | INFO     | __main__:callback_query:36 - ['Ссылка на оплату', 'http://market-ra.ru/payments/external/2099426/create?key=aa9743ef8a87ab2f38fe6774459a6d60']
2023-03-14 02:01:08.375 | INFO     | __main__:<module>:21 - Начал работу
2023-03-14 02:01:12.320 | INFO     | __main__:callback_query:28 - ['order']
2023-03-14 02:01:12.530 | INFO     | __main__:callback_query:82 - 'Заказы' - Minimal
2023-03-14 02:01:13.668 | INFO     | __main__:callback_query:28 - ['order-currency', 'RUR']
2023-03-14 02:01:13.902 | INFO     | __main__:callback_query:68 - 'Валюта[RUR]' - Minimal
2023-03-14 02:01:16.119 | INFO     | __main__:callback_query:28 - ['order-paymentGateways', '2099426']
2023-03-14 02:01:16.229 | INFO     | __main__:callback_query:73 - 'Тип оплаты[2099426]' - Minimal
2023-03-14 02:01:18.769 | INFO     | __main__:get_product_id:127 - 'product_id': '340224712', 'name': 'Куртка кожаная натуральная женская черная утепленая (бомбер) PRADA' - Minimal
2023-03-14 02:01:21.752 | INFO     | __main__:callback_query:28 - ['order-price', 'current', '15188.0']
2023-03-14 02:01:23.033 | INFO     | __main__:callback_query:28 - ['order-quantity', '1']
2023-03-14 02:01:23.113 | INFO     | __main__:callback_query:50 - quantity: 1 - Minimal
2023-03-14 02:01:29.066 | INFO     | __main__:get_client_name:177 - 'client_name': 'Салимов Артур Ильгизович' - Minimal
2023-03-14 02:01:31.007 | INFO     | __main__:get_client_phone:203 - 'client_phone': '79934055804' - Minimal
2023-03-14 02:01:34.193 | INFO     | __main__:callback_query:28 - ['сreate']
2023-03-14 02:01:34.266 | INFO     | __main__:callback_query:33 - Создание заказа --- Minimal
2023-03-14 02:01:35.120 | ERROR    | __main__:callback_query:96 - 'settlement-account'
Traceback (most recent call last):

  File "C:\Users\grafx\AppData\Local\Programs\Python\Python38\lib\threading.py", line 890, in _bootstrap
    self._bootstrap_inner()
    │    └ <function Thread._bootstrap_inner at 0x000001D24EE7B5E0>
    └ <WorkerThread(WorkerThread1, started daemon 9964)>

  File "C:\Users\grafx\AppData\Local\Programs\Python\Python38\lib\threading.py", line 932, in _bootstrap_inner
    self.run()
    │    └ <function WorkerThread.run at 0x000001D2508A9550>
    └ <WorkerThread(WorkerThread1, started daemon 9964)>

  File "C:\Users\grafx\PycharmProjects\TelegramBot_InSales\venv\lib\site-packages\telebot\util.py", line 91, in run
    task(*args, **kwargs)
    │     │       └ {'handlers': [{'function': <function callback_query at 0x000001D252D04670>, 'pass_bot': False, 'filters': {'func': <function ...
    │     └ (<telebot.types.CallbackQuery object at 0x000001D252ED4940>,)
    └ <bound method TeleBot._run_middlewares_and_handler of <telebot.TeleBot object at 0x000001D24E5E88B0>>

  File "C:\Users\grafx\PycharmProjects\TelegramBot_InSales\venv\lib\site-packages\telebot\__init__.py", line 6428, in _run_middlewares_and_handler
    result = handler['function'](message)
             │                   └ <telebot.types.CallbackQuery object at 0x000001D252ED4940>
             └ {'function': <function callback_query at 0x000001D252D04670>, 'pass_bot': False, 'filters': {'func': <function <lambda> at 0x...

> File "C:\Users\grafx\PycharmProjects\TelegramBot_InSales\main.py", line 35, in callback_query
    text, markup, qr = forms.url_on_payment(order)
                       │     │              └ {'id': 70748717, 'account-id': 1123307, 'fulfillment-status': 'new', 'comment': None, 'delivery-variant-id': 5563162, 'paymen...
                       │     └ <function url_on_payment at 0x000001D252D05F70>
                       └ <module 'lib.forms' from 'C:\\Users\\grafx\\PycharmProjects\\TelegramBot_InSales\\lib\\forms.py'>

  File "C:\Users\grafx\PycharmProjects\TelegramBot_InSales\lib\forms.py", line 166, in url_on_payment
    qrcode.make(f'ST00012|Name=RaMarket'
    │      └ <function make at 0x000001D252CACA60>
    └ <module 'qrcode' from 'C:\\Users\\grafx\\PycharmProjects\\TelegramBot_InSales\\venv\\lib\\site-packages\\qrcode\\__init__.py'>

KeyError: 'settlement-account'
2023-03-14 02:04:13.556 | INFO     | __main__:<module>:21 - Начал работу
2023-03-14 02:04:17.486 | INFO     | __main__:start:101 - Зашел Minimal
2023-03-14 02:04:17.487 | INFO     | __main__:start:102 - {'content_type': 'text', 'id': 1762, 'message_id': 1762, 'from_user': {'id': 5263751490, 'is_bot': False, 'first_name': 'Minimal', 'username': 'Minimal_on', 'last_name': None, 'language_code': 'ru', 'can_join_groups': None, 'can_read_all_group_messages': None, 'supports_inline_queries': None, 'is_premium': None, 'added_to_attachment_menu': None}, 'date': 1678748657, 'chat': {'id': 5263751490, 'type': 'private', 'title': None, 'username': 'Minimal_on', 'first_name': 'Minimal', 'last_name': None, 'is_forum': None, 'photo': None, 'bio': None, 'join_to_send_messages': None, 'join_by_request': None, 'has_private_forwards': None, 'has_restricted_voice_and_video_messages': None, 'description': None, 'invite_link': None, 'pinned_message': None, 'permissions': None, 'slow_mode_delay': None, 'message_auto_delete_time': None, 'has_protected_content': None, 'sticker_set_name': None, 'can_set_sticker_set': None, 'linked_chat_id': None, 'location': None, 'active_usernames': None, 'emoji_status_custom_emoji_id': None, 'has_hidden_members': None, 'has_aggressive_anti_spam_enabled': None}, 'sender_chat': None, 'forward_from': None, 'forward_from_chat': None, 'forward_from_message_id': None, 'forward_signature': None, 'forward_sender_name': None, 'forward_date': None, 'is_automatic_forward': None, 'reply_to_message': None, 'via_bot': None, 'edit_date': None, 'has_protected_content': None, 'media_group_id': None, 'author_signature': None, 'text': '/start', 'entities': [<telebot.types.MessageEntity object at 0x0000027C91C57580>], 'caption_entities': None, 'audio': None, 'document': None, 'photo': None, 'sticker': None, 'video': None, 'video_note': None, 'voice': None, 'caption': None, 'contact': None, 'location': None, 'venue': None, 'animation': None, 'dice': None, 'new_chat_member': None, 'new_chat_members': None, 'left_chat_member': None, 'new_chat_title': None, 'new_chat_photo': None, 'delete_chat_photo': None, 'group_chat_created': None, 'supergroup_chat_created': None, 'channel_chat_created': None, 'migrate_to_chat_id': None, 'migrate_from_chat_id': None, 'pinned_message': None, 'invoice': None, 'successful_payment': None, 'connected_website': None, 'reply_markup': None, 'message_thread_id': None, 'is_topic_message': None, 'forum_topic_created': None, 'forum_topic_closed': None, 'forum_topic_reopened': None, 'has_media_spoiler': None, 'forum_topic_edited': None, 'general_forum_topic_hidden': None, 'general_forum_topic_unhidden': None, 'write_access_allowed': None, 'user_shared': None, 'chat_shared': None, 'json': {'message_id': 1762, 'from': {'id': 5263751490, 'is_bot': False, 'first_name': 'Minimal', 'username': 'Minimal_on', 'language_code': 'ru'}, 'chat': {'id': 5263751490, 'first_name': 'Minimal', 'username': 'Minimal_on', 'type': 'private'}, 'date': 1678748657, 'text': '/start', 'entities': [{'offset': 0, 'length': 6, 'type': 'bot_command'}]}}
2023-03-14 02:04:18.768 | INFO     | __main__:callback_query:28 - ['order']
2023-03-14 02:04:18.990 | INFO     | __main__:callback_query:82 - 'Заказы' - Minimal
2023-03-14 02:04:19.811 | INFO     | __main__:callback_query:28 - ['order-currency', 'RUR']
2023-03-14 02:04:19.882 | INFO     | __main__:callback_query:68 - 'Валюта[RUR]' - Minimal
2023-03-14 02:04:21.743 | INFO     | __main__:callback_query:28 - ['order-paymentGateways', '2099426']
2023-03-14 02:04:21.819 | INFO     | __main__:callback_query:73 - 'Тип оплаты[2099426]' - Minimal
2023-03-14 02:04:24.356 | INFO     | __main__:get_product_id:127 - 'product_id': '340224712', 'name': 'Куртка кожаная натуральная женская черная утепленая (бомбер) PRADA' - Minimal
2023-03-14 02:04:26.413 | INFO     | __main__:callback_query:28 - ['order-price', 'current', '15188.0']
2023-03-14 02:04:27.755 | INFO     | __main__:callback_query:28 - ['order-quantity', '1']
2023-03-14 02:04:27.828 | INFO     | __main__:callback_query:50 - quantity: 1 - Minimal
2023-03-14 02:04:31.996 | INFO     | __main__:get_client_name:177 - 'client_name': 'Салимов Артур Ильгизович' - Minimal
2023-03-14 02:04:34.450 | INFO     | __main__:get_client_phone:203 - 'client_phone': '79934055804' - Minimal
2023-03-14 02:04:37.556 | INFO     | __main__:callback_query:28 - ['сreate']
2023-03-14 02:04:37.628 | INFO     | __main__:callback_query:33 - Создание заказа --- Minimal
2023-03-14 02:04:38.226 | ERROR    | __main__:callback_query:96 - 'total-price'
Traceback (most recent call last):

  File "C:\Users\grafx\AppData\Local\Programs\Python\Python38\lib\threading.py", line 890, in _bootstrap
    self._bootstrap_inner()
    │    └ <function Thread._bootstrap_inner at 0x0000027C8DD6B5E0>
    └ <WorkerThread(WorkerThread2, started daemon 12672)>

  File "C:\Users\grafx\AppData\Local\Programs\Python\Python38\lib\threading.py", line 932, in _bootstrap_inner
    self.run()
    │    └ <function WorkerThread.run at 0x0000027C8F7B9550>
    └ <WorkerThread(WorkerThread2, started daemon 12672)>

  File "C:\Users\grafx\PycharmProjects\TelegramBot_InSales\venv\lib\site-packages\telebot\util.py", line 91, in run
    task(*args, **kwargs)
    │     │       └ {'handlers': [{'function': <function callback_query at 0x0000027C91C14700>, 'pass_bot': False, 'filters': {'func': <function ...
    │     └ (<telebot.types.CallbackQuery object at 0x0000027C91DB6700>,)
    └ <bound method TeleBot._run_middlewares_and_handler of <telebot.TeleBot object at 0x0000027C8D9988B0>>

  File "C:\Users\grafx\PycharmProjects\TelegramBot_InSales\venv\lib\site-packages\telebot\__init__.py", line 6428, in _run_middlewares_and_handler
    result = handler['function'](message)
             │                   └ <telebot.types.CallbackQuery object at 0x0000027C91DB6700>
             └ {'function': <function callback_query at 0x0000027C91C14700>, 'pass_bot': False, 'filters': {'func': <function <lambda> at 0x...

> File "C:\Users\grafx\PycharmProjects\TelegramBot_InSales\main.py", line 35, in callback_query
    text, markup, qr = forms.url_on_payment(order)
                       │     │              └ {'id': 70748750, 'account-id': 1123307, 'fulfillment-status': 'new', 'comment': None, 'delivery-variant-id': 5563162, 'paymen...
                       │     └ <function url_on_payment at 0x0000027C91C14040>
                       └ <module 'lib.forms' from 'C:\\Users\\grafx\\PycharmProjects\\TelegramBot_InSales\\lib\\forms.py'>

  File "C:\Users\grafx\PycharmProjects\TelegramBot_InSales\lib\forms.py", line 167, in url_on_payment
    qrcode.make(f'ST00012|Name=RaMarket'
    │      └ <function make at 0x0000027C91BBCAF0>
    └ <module 'qrcode' from 'C:\\Users\\grafx\\PycharmProjects\\TelegramBot_InSales\\venv\\lib\\site-packages\\qrcode\\__init__.py'>

KeyError: 'total-price'
2023-03-14 02:05:13.564 | INFO     | __main__:<module>:21 - Начал работу
2023-03-14 02:05:15.580 | INFO     | __main__:start:101 - Зашел Minimal
2023-03-14 02:05:15.581 | INFO     | __main__:start:102 - {'content_type': 'text', 'id': 1779, 'message_id': 1779, 'from_user': {'id': 5263751490, 'is_bot': False, 'first_name': 'Minimal', 'username': 'Minimal_on', 'last_name': None, 'language_code': 'ru', 'can_join_groups': None, 'can_read_all_group_messages': None, 'supports_inline_queries': None, 'is_premium': None, 'added_to_attachment_menu': None}, 'date': 1678748715, 'chat': {'id': 5263751490, 'type': 'private', 'title': None, 'username': 'Minimal_on', 'first_name': 'Minimal', 'last_name': None, 'is_forum': None, 'photo': None, 'bio': None, 'join_to_send_messages': None, 'join_by_request': None, 'has_private_forwards': None, 'has_restricted_voice_and_video_messages': None, 'description': None, 'invite_link': None, 'pinned_message': None, 'permissions': None, 'slow_mode_delay': None, 'message_auto_delete_time': None, 'has_protected_content': None, 'sticker_set_name': None, 'can_set_sticker_set': None, 'linked_chat_id': None, 'location': None, 'active_usernames': None, 'emoji_status_custom_emoji_id': None, 'has_hidden_members': None, 'has_aggressive_anti_spam_enabled': None}, 'sender_chat': None, 'forward_from': None, 'forward_from_chat': None, 'forward_from_message_id': None, 'forward_signature': None, 'forward_sender_name': None, 'forward_date': None, 'is_automatic_forward': None, 'reply_to_message': None, 'via_bot': None, 'edit_date': None, 'has_protected_content': None, 'media_group_id': None, 'author_signature': None, 'text': '/start', 'entities': [<telebot.types.MessageEntity object at 0x000001CCC49BA520>], 'caption_entities': None, 'audio': None, 'document': None, 'photo': None, 'sticker': None, 'video': None, 'video_note': None, 'voice': None, 'caption': None, 'contact': None, 'location': None, 'venue': None, 'animation': None, 'dice': None, 'new_chat_member': None, 'new_chat_members': None, 'left_chat_member': None, 'new_chat_title': None, 'new_chat_photo': None, 'delete_chat_photo': None, 'group_chat_created': None, 'supergroup_chat_created': None, 'channel_chat_created': None, 'migrate_to_chat_id': None, 'migrate_from_chat_id': None, 'pinned_message': None, 'invoice': None, 'successful_payment': None, 'connected_website': None, 'reply_markup': None, 'message_thread_id': None, 'is_topic_message': None, 'forum_topic_created': None, 'forum_topic_closed': None, 'forum_topic_reopened': None, 'has_media_spoiler': None, 'forum_topic_edited': None, 'general_forum_topic_hidden': None, 'general_forum_topic_unhidden': None, 'write_access_allowed': None, 'user_shared': None, 'chat_shared': None, 'json': {'message_id': 1779, 'from': {'id': 5263751490, 'is_bot': False, 'first_name': 'Minimal', 'username': 'Minimal_on', 'language_code': 'ru'}, 'chat': {'id': 5263751490, 'first_name': 'Minimal', 'username': 'Minimal_on', 'type': 'private'}, 'date': 1678748715, 'text': '/start', 'entities': [{'offset': 0, 'length': 6, 'type': 'bot_command'}]}}
2023-03-14 02:05:19.476 | INFO     | __main__:callback_query:28 - ['order']
2023-03-14 02:05:19.693 | INFO     | __main__:callback_query:82 - 'Заказы' - Minimal
2023-03-14 02:05:21.811 | INFO     | __main__:callback_query:28 - ['order-currency', 'RUR']
2023-03-14 02:05:21.888 | INFO     | __main__:callback_query:68 - 'Валюта[RUR]' - Minimal
2023-03-14 02:05:23.602 | INFO     | __main__:callback_query:28 - ['order-paymentGateways', '2099426']
2023-03-14 02:05:23.672 | INFO     | __main__:callback_query:73 - 'Тип оплаты[2099426]' - Minimal
2023-03-14 02:05:25.910 | INFO     | __main__:get_product_id:127 - 'product_id': '340224712', 'name': 'Куртка кожаная натуральная женская черная утепленая (бомбер) PRADA' - Minimal
2023-03-14 02:05:32.980 | INFO     | __main__:callback_query:28 - ['order-price', 'current', '15188.0']
2023-03-14 02:05:34.475 | INFO     | __main__:callback_query:28 - ['order-quantity', '1']
2023-03-14 02:05:34.548 | INFO     | __main__:callback_query:50 - quantity: 1 - Minimal
2023-03-14 02:05:38.381 | INFO     | __main__:get_client_name:177 - 'client_name': 'Салимов Артур Ильгизович' - Minimal
2023-03-14 02:05:40.533 | INFO     | __main__:get_client_phone:203 - 'client_phone': '79934055804' - Minimal
2023-03-14 02:05:42.204 | INFO     | __main__:callback_query:28 - ['сreate']
2023-03-14 02:05:42.285 | INFO     | __main__:callback_query:33 - Создание заказа --- Minimal
2023-03-14 02:05:42.910 | INFO     | __main__:callback_query:36 - ['Заказ успешно создан']
2023-03-14 02:48:29.753 | INFO     | __main__:<module>:21 - Начал работу
2023-03-14 02:48:30.988 | INFO     | __main__:callback_query:28 - ['order']
2023-03-14 02:48:31.189 | INFO     | __main__:callback_query:82 - 'Заказы' - Minimal
2023-03-14 02:48:31.936 | INFO     | __main__:callback_query:28 - ['order-currency', 'RUR']
2023-03-14 02:48:32.151 | INFO     | __main__:callback_query:68 - 'Валюта[RUR]' - Minimal
2023-03-14 02:48:35.759 | INFO     | __main__:callback_query:28 - ['order-paymentGateways', '2749759']
2023-03-14 02:48:35.831 | INFO     | __main__:callback_query:73 - 'Тип оплаты[2749759]' - Minimal
2023-03-14 02:48:59.727 | INFO     | __main__:<module>:21 - Начал работу
2023-03-14 02:49:07.787 | INFO     | __main__:start:101 - Зашел Minimal
2023-03-14 02:49:07.788 | INFO     | __main__:start:102 - {'content_type': 'text', 'id': 1803, 'message_id': 1803, 'from_user': {'id': 5263751490, 'is_bot': False, 'first_name': 'Minimal', 'username': 'Minimal_on', 'last_name': None, 'language_code': 'ru', 'can_join_groups': None, 'can_read_all_group_messages': None, 'supports_inline_queries': None, 'is_premium': None, 'added_to_attachment_menu': None}, 'date': 1678751347, 'chat': {'id': 5263751490, 'type': 'private', 'title': None, 'username': 'Minimal_on', 'first_name': 'Minimal', 'last_name': None, 'is_forum': None, 'photo': None, 'bio': None, 'join_to_send_messages': None, 'join_by_request': None, 'has_private_forwards': None, 'has_restricted_voice_and_video_messages': None, 'description': None, 'invite_link': None, 'pinned_message': None, 'permissions': None, 'slow_mode_delay': None, 'message_auto_delete_time': None, 'has_protected_content': None, 'sticker_set_name': None, 'can_set_sticker_set': None, 'linked_chat_id': None, 'location': None, 'active_usernames': None, 'emoji_status_custom_emoji_id': None, 'has_hidden_members': None, 'has_aggressive_anti_spam_enabled': None}, 'sender_chat': None, 'forward_from': None, 'forward_from_chat': None, 'forward_from_message_id': None, 'forward_signature': None, 'forward_sender_name': None, 'forward_date': None, 'is_automatic_forward': None, 'reply_to_message': None, 'via_bot': None, 'edit_date': None, 'has_protected_content': None, 'media_group_id': None, 'author_signature': None, 'text': '/start', 'entities': [<telebot.types.MessageEntity object at 0x0000019A6948EDF0>], 'caption_entities': None, 'audio': None, 'document': None, 'photo': None, 'sticker': None, 'video': None, 'video_note': None, 'voice': None, 'caption': None, 'contact': None, 'location': None, 'venue': None, 'animation': None, 'dice': None, 'new_chat_member': None, 'new_chat_members': None, 'left_chat_member': None, 'new_chat_title': None, 'new_chat_photo': None, 'delete_chat_photo': None, 'group_chat_created': None, 'supergroup_chat_created': None, 'channel_chat_created': None, 'migrate_to_chat_id': None, 'migrate_from_chat_id': None, 'pinned_message': None, 'invoice': None, 'successful_payment': None, 'connected_website': None, 'reply_markup': None, 'message_thread_id': None, 'is_topic_message': None, 'forum_topic_created': None, 'forum_topic_closed': None, 'forum_topic_reopened': None, 'has_media_spoiler': None, 'forum_topic_edited': None, 'general_forum_topic_hidden': None, 'general_forum_topic_unhidden': None, 'write_access_allowed': None, 'user_shared': None, 'chat_shared': None, 'json': {'message_id': 1803, 'from': {'id': 5263751490, 'is_bot': False, 'first_name': 'Minimal', 'username': 'Minimal_on', 'language_code': 'ru'}, 'chat': {'id': 5263751490, 'first_name': 'Minimal', 'username': 'Minimal_on', 'type': 'private'}, 'date': 1678751347, 'text': '/start', 'entities': [{'offset': 0, 'length': 6, 'type': 'bot_command'}]}}
2023-03-14 02:49:08.945 | INFO     | __main__:callback_query:28 - ['order']
2023-03-14 02:49:09.014 | INFO     | __main__:callback_query:82 - 'Заказы' - Minimal
2023-03-14 02:49:09.860 | INFO     | __main__:callback_query:28 - ['order-currency', 'RUR']
2023-03-14 02:49:09.930 | INFO     | __main__:callback_query:68 - 'Валюта[RUR]' - Minimal
2023-03-14 02:49:11.699 | INFO     | __main__:callback_query:28 - ['order-paymentGateways', '2749759']
2023-03-14 02:49:11.899 | INFO     | __main__:callback_query:73 - 'Тип оплаты[2749759]' - Minimal
2023-03-14 02:49:15.148 | INFO     | __main__:get_product_id:127 - 'product_id': '340224712', 'name': 'Куртка кожаная натуральная женская черная утепленая (бомбер) PRADA' - Minimal
2023-03-14 02:49:17.393 | INFO     | __main__:callback_query:28 - ['order-price', 'current', '15188.0']
2023-03-14 02:49:18.546 | INFO     | __main__:callback_query:28 - ['order-quantity', '1']
2023-03-14 02:49:18.637 | INFO     | __main__:callback_query:50 - quantity: 1 - Minimal
2023-03-14 02:49:23.980 | INFO     | __main__:get_client_name:177 - 'client_name': 'Салимов Артур Ильгизович' - Minimal
2023-03-14 02:49:26.721 | INFO     | __main__:get_client_phone:203 - 'client_phone': '79934055804' - Minimal
2023-03-14 02:49:28.377 | INFO     | __main__:callback_query:28 - ['сreate']
2023-03-14 02:49:28.456 | INFO     | __main__:callback_query:33 - Создание заказа --- Minimal
2023-03-14 02:49:28.865 | ERROR    | __main__:callback_query:96 - 'refer'
Traceback (most recent call last):

  File "C:\Users\grafx\AppData\Local\Programs\Python\Python38\lib\threading.py", line 890, in _bootstrap
    self._bootstrap_inner()
    │    └ <function Thread._bootstrap_inner at 0x0000019A655DB5E0>
    └ <WorkerThread(WorkerThread1, started daemon 9312)>

  File "C:\Users\grafx\AppData\Local\Programs\Python\Python38\lib\threading.py", line 932, in _bootstrap_inner
    self.run()
    │    └ <function WorkerThread.run at 0x0000019A67009550>
    └ <WorkerThread(WorkerThread1, started daemon 9312)>

  File "C:\Users\grafx\PycharmProjects\TelegramBot_InSales\venv\lib\site-packages\telebot\util.py", line 91, in run
    task(*args, **kwargs)
    │     │       └ {'handlers': [{'function': <function callback_query at 0x0000019A69457700>, 'pass_bot': False, 'filters': {'func': <function ...
    │     └ (<telebot.types.CallbackQuery object at 0x0000019A696159A0>,)
    └ <bound method TeleBot._run_middlewares_and_handler of <telebot.TeleBot object at 0x0000019A652088B0>>

  File "C:\Users\grafx\PycharmProjects\TelegramBot_InSales\venv\lib\site-packages\telebot\__init__.py", line 6428, in _run_middlewares_and_handler
    result = handler['function'](message)
             │                   └ <telebot.types.CallbackQuery object at 0x0000019A696159A0>
             └ {'function': <function callback_query at 0x0000019A69457700>, 'pass_bot': False, 'filters': {'func': <function <lambda> at 0x...

> File "C:\Users\grafx\PycharmProjects\TelegramBot_InSales\main.py", line 35, in callback_query
    text, markup, qr = forms.url_on_payment(order)
                       │     │              └ {'id': 70749251, 'account-id': 1123307, 'fulfillment-status': 'new', 'comment': None, 'delivery-variant-id': 5563162, 'paymen...
                       │     └ <function url_on_payment at 0x0000019A69457040>
                       └ <module 'lib.forms' from 'C:\\Users\\grafx\\PycharmProjects\\TelegramBot_InSales\\lib\\forms.py'>

  File "C:\Users\grafx\PycharmProjects\TelegramBot_InSales\lib\forms.py", line 161, in url_on_payment
    text = order["refer"]
           └ {'id': 70749251, 'account-id': 1123307, 'fulfillment-status': 'new', 'comment': None, 'delivery-variant-id': 5563162, 'paymen...

KeyError: 'refer'
2023-03-14 02:49:55.307 | INFO     | __main__:<module>:21 - Начал работу
2023-03-14 02:49:55.702 | INFO     | __main__:start:101 - Зашел Minimal
2023-03-14 02:49:55.703 | INFO     | __main__:start:102 - {'content_type': 'text', 'id': 1820, 'message_id': 1820, 'from_user': {'id': 5263751490, 'is_bot': False, 'first_name': 'Minimal', 'username': 'Minimal_on', 'last_name': None, 'language_code': 'ru', 'can_join_groups': None, 'can_read_all_group_messages': None, 'supports_inline_queries': None, 'is_premium': None, 'added_to_attachment_menu': None}, 'date': 1678751395, 'chat': {'id': 5263751490, 'type': 'private', 'title': None, 'username': 'Minimal_on', 'first_name': 'Minimal', 'last_name': None, 'is_forum': None, 'photo': None, 'bio': None, 'join_to_send_messages': None, 'join_by_request': None, 'has_private_forwards': None, 'has_restricted_voice_and_video_messages': None, 'description': None, 'invite_link': None, 'pinned_message': None, 'permissions': None, 'slow_mode_delay': None, 'message_auto_delete_time': None, 'has_protected_content': None, 'sticker_set_name': None, 'can_set_sticker_set': None, 'linked_chat_id': None, 'location': None, 'active_usernames': None, 'emoji_status_custom_emoji_id': None, 'has_hidden_members': None, 'has_aggressive_anti_spam_enabled': None}, 'sender_chat': None, 'forward_from': None, 'forward_from_chat': None, 'forward_from_message_id': None, 'forward_signature': None, 'forward_sender_name': None, 'forward_date': None, 'is_automatic_forward': None, 'reply_to_message': None, 'via_bot': None, 'edit_date': None, 'has_protected_content': None, 'media_group_id': None, 'author_signature': None, 'text': '/start', 'entities': [<telebot.types.MessageEntity object at 0x000001A27828A3D0>], 'caption_entities': None, 'audio': None, 'document': None, 'photo': None, 'sticker': None, 'video': None, 'video_note': None, 'voice': None, 'caption': None, 'contact': None, 'location': None, 'venue': None, 'animation': None, 'dice': None, 'new_chat_member': None, 'new_chat_members': None, 'left_chat_member': None, 'new_chat_title': None, 'new_chat_photo': None, 'delete_chat_photo': None, 'group_chat_created': None, 'supergroup_chat_created': None, 'channel_chat_created': None, 'migrate_to_chat_id': None, 'migrate_from_chat_id': None, 'pinned_message': None, 'invoice': None, 'successful_payment': None, 'connected_website': None, 'reply_markup': None, 'message_thread_id': None, 'is_topic_message': None, 'forum_topic_created': None, 'forum_topic_closed': None, 'forum_topic_reopened': None, 'has_media_spoiler': None, 'forum_topic_edited': None, 'general_forum_topic_hidden': None, 'general_forum_topic_unhidden': None, 'write_access_allowed': None, 'user_shared': None, 'chat_shared': None, 'json': {'message_id': 1820, 'from': {'id': 5263751490, 'is_bot': False, 'first_name': 'Minimal', 'username': 'Minimal_on', 'language_code': 'ru'}, 'chat': {'id': 5263751490, 'first_name': 'Minimal', 'username': 'Minimal_on', 'type': 'private'}, 'date': 1678751395, 'text': '/start', 'entities': [{'offset': 0, 'length': 6, 'type': 'bot_command'}]}}
2023-03-14 02:49:56.656 | INFO     | __main__:callback_query:28 - ['order']
2023-03-14 02:49:56.889 | INFO     | __main__:callback_query:82 - 'Заказы' - Minimal
2023-03-14 02:49:57.929 | INFO     | __main__:callback_query:28 - ['order-currency', 'RUR']
2023-03-14 02:49:58.001 | INFO     | __main__:callback_query:68 - 'Валюта[RUR]' - Minimal
2023-03-14 02:50:00.024 | INFO     | __main__:callback_query:28 - ['order-paymentGateways', '2749759']
2023-03-14 02:50:00.098 | INFO     | __main__:callback_query:73 - 'Тип оплаты[2749759]' - Minimal
2023-03-14 02:50:03.790 | INFO     | __main__:get_product_id:127 - 'product_id': '340224712', 'name': 'Куртка кожаная натуральная женская черная утепленая (бомбер) PRADA' - Minimal
2023-03-14 02:50:11.307 | INFO     | __main__:callback_query:28 - ['order-price', 'current', '15188.0']
2023-03-14 02:50:12.385 | INFO     | __main__:callback_query:28 - ['order-quantity', '1']
2023-03-14 02:50:12.457 | INFO     | __main__:callback_query:50 - quantity: 1 - Minimal
2023-03-14 02:50:15.920 | INFO     | __main__:get_client_name:177 - 'client_name': 'Салимов Артур Ильгизович' - Minimal
2023-03-14 02:50:18.157 | INFO     | __main__:get_client_phone:203 - 'client_phone': '79934055804' - Minimal
2023-03-14 02:50:20.083 | INFO     | __main__:callback_query:28 - ['сreate']
2023-03-14 02:50:20.153 | INFO     | __main__:callback_query:33 - Создание заказа --- Minimal
2023-03-14 02:50:20.472 | ERROR    | __main__:callback_query:96 - 'refer'
Traceback (most recent call last):

  File "C:\Users\grafx\AppData\Local\Programs\Python\Python38\lib\threading.py", line 890, in _bootstrap
    self._bootstrap_inner()
    │    └ <function Thread._bootstrap_inner at 0x000001A2743BB5E0>
    └ <WorkerThread(WorkerThread1, started daemon 1700)>

  File "C:\Users\grafx\AppData\Local\Programs\Python\Python38\lib\threading.py", line 932, in _bootstrap_inner
    self.run()
    │    └ <function WorkerThread.run at 0x000001A275DE9550>
    └ <WorkerThread(WorkerThread1, started daemon 1700)>

  File "C:\Users\grafx\PycharmProjects\TelegramBot_InSales\venv\lib\site-packages\telebot\util.py", line 91, in run
    task(*args, **kwargs)
    │     │       └ {'handlers': [{'function': <function callback_query at 0x000001A278247700>, 'pass_bot': False, 'filters': {'func': <function ...
    │     └ (<telebot.types.CallbackQuery object at 0x000001A278418550>,)
    └ <bound method TeleBot._run_middlewares_and_handler of <telebot.TeleBot object at 0x000001A273FE88B0>>

  File "C:\Users\grafx\PycharmProjects\TelegramBot_InSales\venv\lib\site-packages\telebot\__init__.py", line 6428, in _run_middlewares_and_handler
    result = handler['function'](message)
             │                   └ <telebot.types.CallbackQuery object at 0x000001A278418550>
             └ {'function': <function callback_query at 0x000001A278247700>, 'pass_bot': False, 'filters': {'func': <function <lambda> at 0x...

> File "C:\Users\grafx\PycharmProjects\TelegramBot_InSales\main.py", line 35, in callback_query
    text, markup, qr = forms.url_on_payment(order)
                       │     │              └ {'id': 70749259, 'account-id': 1123307, 'fulfillment-status': 'new', 'comment': None, 'delivery-variant-id': 5563162, 'paymen...
                       │     └ <function url_on_payment at 0x000001A278247040>
                       └ <module 'lib.forms' from 'C:\\Users\\grafx\\PycharmProjects\\TelegramBot_InSales\\lib\\forms.py'>

  File "C:\Users\grafx\PycharmProjects\TelegramBot_InSales\lib\forms.py", line 161, in url_on_payment
    text = order["refer"]
           └ {'id': 70749259, 'account-id': 1123307, 'fulfillment-status': 'new', 'comment': None, 'delivery-variant-id': 5563162, 'paymen...

KeyError: 'refer'
2023-03-14 02:50:34.440 | INFO     | __main__:start:101 - Зашел Minimal
2023-03-14 02:50:35.448 | INFO     | __main__:<module>:21 - Начал работу
2023-03-14 02:50:35.839 | INFO     | __main__:start:101 - Зашел Minimal
2023-03-14 02:50:35.840 | INFO     | __main__:start:102 - {'content_type': 'text', 'id': 1837, 'message_id': 1837, 'from_user': {'id': 5263751490, 'is_bot': False, 'first_name': 'Minimal', 'username': 'Minimal_on', 'last_name': None, 'language_code': 'ru', 'can_join_groups': None, 'can_read_all_group_messages': None, 'supports_inline_queries': None, 'is_premium': None, 'added_to_attachment_menu': None}, 'date': 1678751434, 'chat': {'id': 5263751490, 'type': 'private', 'title': None, 'username': 'Minimal_on', 'first_name': 'Minimal', 'last_name': None, 'is_forum': None, 'photo': None, 'bio': None, 'join_to_send_messages': None, 'join_by_request': None, 'has_private_forwards': None, 'has_restricted_voice_and_video_messages': None, 'description': None, 'invite_link': None, 'pinned_message': None, 'permissions': None, 'slow_mode_delay': None, 'message_auto_delete_time': None, 'has_protected_content': None, 'sticker_set_name': None, 'can_set_sticker_set': None, 'linked_chat_id': None, 'location': None, 'active_usernames': None, 'emoji_status_custom_emoji_id': None, 'has_hidden_members': None, 'has_aggressive_anti_spam_enabled': None}, 'sender_chat': None, 'forward_from': None, 'forward_from_chat': None, 'forward_from_message_id': None, 'forward_signature': None, 'forward_sender_name': None, 'forward_date': None, 'is_automatic_forward': None, 'reply_to_message': None, 'via_bot': None, 'edit_date': None, 'has_protected_content': None, 'media_group_id': None, 'author_signature': None, 'text': '/start', 'entities': [<telebot.types.MessageEntity object at 0x000001B2B7DC16A0>], 'caption_entities': None, 'audio': None, 'document': None, 'photo': None, 'sticker': None, 'video': None, 'video_note': None, 'voice': None, 'caption': None, 'contact': None, 'location': None, 'venue': None, 'animation': None, 'dice': None, 'new_chat_member': None, 'new_chat_members': None, 'left_chat_member': None, 'new_chat_title': None, 'new_chat_photo': None, 'delete_chat_photo': None, 'group_chat_created': None, 'supergroup_chat_created': None, 'channel_chat_created': None, 'migrate_to_chat_id': None, 'migrate_from_chat_id': None, 'pinned_message': None, 'invoice': None, 'successful_payment': None, 'connected_website': None, 'reply_markup': None, 'message_thread_id': None, 'is_topic_message': None, 'forum_topic_created': None, 'forum_topic_closed': None, 'forum_topic_reopened': None, 'has_media_spoiler': None, 'forum_topic_edited': None, 'general_forum_topic_hidden': None, 'general_forum_topic_unhidden': None, 'write_access_allowed': None, 'user_shared': None, 'chat_shared': None, 'json': {'message_id': 1837, 'from': {'id': 5263751490, 'is_bot': False, 'first_name': 'Minimal', 'username': 'Minimal_on', 'language_code': 'ru'}, 'chat': {'id': 5263751490, 'first_name': 'Minimal', 'username': 'Minimal_on', 'type': 'private'}, 'date': 1678751434, 'text': '/start', 'entities': [{'offset': 0, 'length': 6, 'type': 'bot_command'}]}}
2023-03-14 02:50:36.666 | INFO     | __main__:callback_query:28 - ['historyOrders']
2023-03-14 02:50:36.879 | INFO     | __main__:callback_query:90 - 'История заказов' - Minimal
2023-03-14 02:50:37.928 | INFO     | __main__:callback_query:28 - ['main']
2023-03-14 02:50:37.998 | INFO     | __main__:callback_query:45 - 'Главное меню' - Minimal
2023-03-14 02:50:38.955 | INFO     | __main__:callback_query:28 - ['order']
2023-03-14 02:50:39.026 | INFO     | __main__:callback_query:82 - 'Заказы' - Minimal
2023-03-14 02:50:39.842 | INFO     | __main__:callback_query:28 - ['order-currency', 'RUR']
2023-03-14 02:50:39.914 | INFO     | __main__:callback_query:68 - 'Валюта[RUR]' - Minimal
2023-03-14 02:50:41.566 | INFO     | __main__:callback_query:28 - ['order-paymentGateways', '2749759']
2023-03-14 02:50:41.636 | INFO     | __main__:callback_query:73 - 'Тип оплаты[2749759]' - Minimal
2023-03-14 02:50:44.354 | INFO     | __main__:get_product_id:127 - 'product_id': '340224712', 'name': 'Куртка кожаная натуральная женская черная утепленая (бомбер) PRADA' - Minimal
2023-03-14 02:50:49.131 | INFO     | __main__:callback_query:28 - ['order-price', 'current', '15188.0']
2023-03-14 02:50:50.233 | INFO     | __main__:callback_query:28 - ['order-quantity', '1']
2023-03-14 02:50:50.306 | INFO     | __main__:callback_query:50 - quantity: 1 - Minimal
2023-03-14 02:50:53.331 | INFO     | __main__:get_client_name:177 - 'client_name': 'Салимов Артур Ильгизович' - Minimal
2023-03-14 02:50:55.580 | INFO     | __main__:get_client_phone:203 - 'client_phone': '79934055804' - Minimal
2023-03-14 02:50:57.275 | INFO     | __main__:callback_query:28 - ['сreate']
2023-03-14 02:50:57.349 | INFO     | __main__:callback_query:33 - Создание заказа --- Minimal
2023-03-14 02:50:57.801 | INFO     | __main__:callback_query:36 - ['app:1b142b241f5c4a2429eacbe95e4f3807']
2023-03-14 02:55:04.956 | INFO     | __main__:<module>:21 - Начал работу
2023-03-14 02:55:05.410 | INFO     | __main__:callback_query:28 - ['order']
2023-03-14 02:55:05.694 | INFO     | __main__:callback_query:82 - 'Заказы' - Minimal
2023-03-14 02:55:06.582 | INFO     | __main__:callback_query:28 - ['order-currency', 'RUR']
2023-03-14 02:55:06.652 | INFO     | __main__:callback_query:68 - 'Валюта[RUR]' - Minimal
2023-03-14 02:55:17.330 | INFO     | __main__:callback_query:28 - ['order-paymentGateways', '2814404']
2023-03-14 02:55:17.404 | INFO     | __main__:callback_query:73 - 'Тип оплаты[2814404]' - Minimal
2023-03-14 02:55:20.895 | INFO     | __main__:get_product_id:127 - 'product_id': '340224712', 'name': 'Куртка кожаная натуральная женская черная утепленая (бомбер) PRADA' - Minimal
2023-03-14 02:55:22.755 | INFO     | __main__:callback_query:28 - ['order-price', 'current', '15188.0']
2023-03-14 02:55:23.774 | INFO     | __main__:callback_query:28 - ['order-quantity', '1']
2023-03-14 02:55:23.875 | INFO     | __main__:callback_query:50 - quantity: 1 - Minimal
2023-03-14 02:55:26.604 | INFO     | __main__:get_client_name:177 - 'client_name': 'Салимов Артур Ильгизович' - Minimal
2023-03-14 02:55:28.117 | INFO     | __main__:get_client_phone:203 - 'client_phone': '79934055804' - Minimal
2023-03-14 02:55:29.871 | INFO     | __main__:callback_query:28 - ['сreate']
2023-03-14 02:55:29.960 | INFO     | __main__:callback_query:33 - Создание заказа --- Minimal
2023-03-14 02:55:30.289 | ERROR    | __main__:callback_query:96 - 'str' object has no attribute 'write'
Traceback (most recent call last):

  File "C:\Users\grafx\AppData\Local\Programs\Python\Python38\lib\threading.py", line 890, in _bootstrap
    self._bootstrap_inner()
    │    └ <function Thread._bootstrap_inner at 0x00000214F275B5E0>
    └ <WorkerThread(WorkerThread1, started daemon 16012)>

  File "C:\Users\grafx\AppData\Local\Programs\Python\Python38\lib\threading.py", line 932, in _bootstrap_inner
    self.run()
    │    └ <function WorkerThread.run at 0x00000214F4199550>
    └ <WorkerThread(WorkerThread1, started daemon 16012)>

  File "C:\Users\grafx\PycharmProjects\TelegramBot_InSales\venv\lib\site-packages\telebot\util.py", line 91, in run
    task(*args, **kwargs)
    │     │       └ {'handlers': [{'function': <function callback_query at 0x00000214F65C25E0>, 'pass_bot': False, 'filters': {'func': <function ...
    │     └ (<telebot.types.CallbackQuery object at 0x00000214F67CB3D0>,)
    └ <bound method TeleBot._run_middlewares_and_handler of <telebot.TeleBot object at 0x00000214F23888B0>>

  File "C:\Users\grafx\PycharmProjects\TelegramBot_InSales\venv\lib\site-packages\telebot\__init__.py", line 6428, in _run_middlewares_and_handler
    result = handler['function'](message)
             │                   └ <telebot.types.CallbackQuery object at 0x00000214F67CB3D0>
             └ {'function': <function callback_query at 0x00000214F65C25E0>, 'pass_bot': False, 'filters': {'func': <function <lambda> at 0x...

> File "C:\Users\grafx\PycharmProjects\TelegramBot_InSales\main.py", line 34, in callback_query
    order = query_insales.create_order(message.chat.id)
            │             │            │       │    └ 5263751490
            │             │            │       └ <telebot.types.Chat object at 0x00000214F67AE370>
            │             │            └ <telebot.types.Message object at 0x00000214F67CB6A0>
            │             └ <function create_order at 0x00000214F659D3A0>
            └ <module 'lib.query_insales' from 'C:\\Users\\grafx\\PycharmProjects\\TelegramBot_InSales\\lib\\query_insales.py'>

  File "C:\Users\grafx\PycharmProjects\TelegramBot_InSales\lib\query_insales.py", line 33, in create_order
    json.dump(order, 'json/order.json')
    │    │    └ {'id': 70749316, 'account-id': 1123307, 'fulfillment-status': 'new', 'comment': None, 'delivery-variant-id': 5563162, 'paymen...
    │    └ <function dump at 0x00000214F41F4160>
    └ <module 'json' from 'C:\\Users\\grafx\\AppData\\Local\\Programs\\Python\\Python38\\lib\\json\\__init__.py'>

  File "C:\Users\grafx\AppData\Local\Programs\Python\Python38\lib\json\__init__.py", line 180, in dump
    fp.write(chunk)
    │        └ '{'
    └ 'json/order.json'

AttributeError: 'str' object has no attribute 'write'
2023-03-14 02:56:25.927 | INFO     | __main__:<module>:21 - Начал работу
2023-03-14 02:56:26.324 | INFO     | __main__:start:101 - Зашел Minimal
2023-03-14 02:56:26.325 | INFO     | __main__:start:102 - {'content_type': 'text', 'id': 1873, 'message_id': 1873, 'from_user': {'id': 5263751490, 'is_bot': False, 'first_name': 'Minimal', 'username': 'Minimal_on', 'last_name': None, 'language_code': 'ru', 'can_join_groups': None, 'can_read_all_group_messages': None, 'supports_inline_queries': None, 'is_premium': None, 'added_to_attachment_menu': None}, 'date': 1678751785, 'chat': {'id': 5263751490, 'type': 'private', 'title': None, 'username': 'Minimal_on', 'first_name': 'Minimal', 'last_name': None, 'is_forum': None, 'photo': None, 'bio': None, 'join_to_send_messages': None, 'join_by_request': None, 'has_private_forwards': None, 'has_restricted_voice_and_video_messages': None, 'description': None, 'invite_link': None, 'pinned_message': None, 'permissions': None, 'slow_mode_delay': None, 'message_auto_delete_time': None, 'has_protected_content': None, 'sticker_set_name': None, 'can_set_sticker_set': None, 'linked_chat_id': None, 'location': None, 'active_usernames': None, 'emoji_status_custom_emoji_id': None, 'has_hidden_members': None, 'has_aggressive_anti_spam_enabled': None}, 'sender_chat': None, 'forward_from': None, 'forward_from_chat': None, 'forward_from_message_id': None, 'forward_signature': None, 'forward_sender_name': None, 'forward_date': None, 'is_automatic_forward': None, 'reply_to_message': None, 'via_bot': None, 'edit_date': None, 'has_protected_content': None, 'media_group_id': None, 'author_signature': None, 'text': '/start', 'entities': [<telebot.types.MessageEntity object at 0x0000027913ABA400>], 'caption_entities': None, 'audio': None, 'document': None, 'photo': None, 'sticker': None, 'video': None, 'video_note': None, 'voice': None, 'caption': None, 'contact': None, 'location': None, 'venue': None, 'animation': None, 'dice': None, 'new_chat_member': None, 'new_chat_members': None, 'left_chat_member': None, 'new_chat_title': None, 'new_chat_photo': None, 'delete_chat_photo': None, 'group_chat_created': None, 'supergroup_chat_created': None, 'channel_chat_created': None, 'migrate_to_chat_id': None, 'migrate_from_chat_id': None, 'pinned_message': None, 'invoice': None, 'successful_payment': None, 'connected_website': None, 'reply_markup': None, 'message_thread_id': None, 'is_topic_message': None, 'forum_topic_created': None, 'forum_topic_closed': None, 'forum_topic_reopened': None, 'has_media_spoiler': None, 'forum_topic_edited': None, 'general_forum_topic_hidden': None, 'general_forum_topic_unhidden': None, 'write_access_allowed': None, 'user_shared': None, 'chat_shared': None, 'json': {'message_id': 1873, 'from': {'id': 5263751490, 'is_bot': False, 'first_name': 'Minimal', 'username': 'Minimal_on', 'language_code': 'ru'}, 'chat': {'id': 5263751490, 'first_name': 'Minimal', 'username': 'Minimal_on', 'type': 'private'}, 'date': 1678751785, 'text': '/start', 'entities': [{'offset': 0, 'length': 6, 'type': 'bot_command'}]}}
2023-03-14 02:56:27.279 | INFO     | __main__:callback_query:28 - ['order']
2023-03-14 02:56:27.485 | INFO     | __main__:callback_query:82 - 'Заказы' - Minimal
2023-03-14 02:56:28.106 | INFO     | __main__:callback_query:28 - ['order-currency', 'RUR']
2023-03-14 02:56:28.176 | INFO     | __main__:callback_query:68 - 'Валюта[RUR]' - Minimal
2023-03-14 02:56:30.056 | INFO     | __main__:callback_query:28 - ['order-paymentGateways', '2749759']
2023-03-14 02:56:30.143 | INFO     | __main__:callback_query:73 - 'Тип оплаты[2749759]' - Minimal
2023-03-14 02:56:32.670 | INFO     | __main__:get_product_id:127 - 'product_id': '340224712', 'name': 'Куртка кожаная натуральная женская черная утепленая (бомбер) PRADA' - Minimal
2023-03-14 02:56:33.758 | INFO     | __main__:callback_query:28 - ['order-price', 'current', '15188.0']
2023-03-14 02:56:34.794 | INFO     | __main__:callback_query:28 - ['order-quantity', '1']
2023-03-14 02:56:34.866 | INFO     | __main__:callback_query:50 - quantity: 1 - Minimal
2023-03-14 02:56:37.869 | INFO     | __main__:get_client_name:177 - 'client_name': 'Салимов Артур Ильгизович' - Minimal
2023-03-14 02:56:39.989 | INFO     | __main__:get_client_phone:203 - 'client_phone': '79934055804' - Minimal
2023-03-14 02:56:41.776 | INFO     | __main__:callback_query:28 - ['сreate']
2023-03-14 02:56:41.847 | INFO     | __main__:callback_query:33 - Создание заказа --- Minimal
2023-03-14 02:56:42.142 | ERROR    | __main__:callback_query:96 - Object of type datetime is not JSON serializable
Traceback (most recent call last):

  File "C:\Users\grafx\AppData\Local\Programs\Python\Python38\lib\threading.py", line 890, in _bootstrap
    self._bootstrap_inner()
    │    └ <function Thread._bootstrap_inner at 0x000002790FBBB5E0>
    └ <WorkerThread(WorkerThread2, started daemon 9824)>

  File "C:\Users\grafx\AppData\Local\Programs\Python\Python38\lib\threading.py", line 932, in _bootstrap_inner
    self.run()
    │    └ <function WorkerThread.run at 0x0000027911619550>
    └ <WorkerThread(WorkerThread2, started daemon 9824)>

  File "C:\Users\grafx\PycharmProjects\TelegramBot_InSales\venv\lib\site-packages\telebot\util.py", line 91, in run
    task(*args, **kwargs)
    │     │       └ {'handlers': [{'function': <function callback_query at 0x0000027913A425E0>, 'pass_bot': False, 'filters': {'func': <function ...
    │     └ (<telebot.types.CallbackQuery object at 0x0000027913C397F0>,)
    └ <bound method TeleBot._run_middlewares_and_handler of <telebot.TeleBot object at 0x000002790F7E88B0>>

  File "C:\Users\grafx\PycharmProjects\TelegramBot_InSales\venv\lib\site-packages\telebot\__init__.py", line 6428, in _run_middlewares_and_handler
    result = handler['function'](message)
             │                   └ <telebot.types.CallbackQuery object at 0x0000027913C397F0>
             └ {'function': <function callback_query at 0x0000027913A425E0>, 'pass_bot': False, 'filters': {'func': <function <lambda> at 0x...

> File "C:\Users\grafx\PycharmProjects\TelegramBot_InSales\main.py", line 34, in callback_query
    order = query_insales.create_order(message.chat.id)
            │             │            │       │    └ 5263751490
            │             │            │       └ <telebot.types.Chat object at 0x0000027913ADA820>
            │             │            └ <telebot.types.Message object at 0x0000027913C39AC0>
            │             └ <function create_order at 0x0000027913A1C3A0>
            └ <module 'lib.query_insales' from 'C:\\Users\\grafx\\PycharmProjects\\TelegramBot_InSales\\lib\\query_insales.py'>

  File "C:\Users\grafx\PycharmProjects\TelegramBot_InSales\lib\query_insales.py", line 33, in create_order
    json.dump(order, open('json/order.json', 'w'))
    │    │    └ {'id': 70749337, 'account-id': 1123307, 'fulfillment-status': 'new', 'comment': None, 'delivery-variant-id': 5563162, 'paymen...
    │    └ <function dump at 0x0000027911674160>
    └ <module 'json' from 'C:\\Users\\grafx\\AppData\\Local\\Programs\\Python\\Python38\\lib\\json\\__init__.py'>

  File "C:\Users\grafx\AppData\Local\Programs\Python\Python38\lib\json\__init__.py", line 179, in dump
    for chunk in iterable:
        │        └ <generator object _make_iterencode.<locals>._iterencode at 0x0000027913C3E7B0>
        └ ': '

  File "C:\Users\grafx\AppData\Local\Programs\Python\Python38\lib\json\encoder.py", line 431, in _iterencode
    yield from _iterencode_dict(o, _current_indent_level)
               │                │  └ 0
               │                └ {'id': 70749337, 'account-id': 1123307, 'fulfillment-status': 'new', 'comment': None, 'delivery-variant-id': 5563162, 'paymen...
               └ <function _make_iterencode.<locals>._iterencode_dict at 0x0000027913C241F0>

  File "C:\Users\grafx\AppData\Local\Programs\Python\Python38\lib\json\encoder.py", line 405, in _iterencode_dict
    yield from chunks
               └ <generator object _make_iterencode.<locals>._iterencode at 0x0000027913C3E900>

  File "C:\Users\grafx\AppData\Local\Programs\Python\Python38\lib\json\encoder.py", line 438, in _iterencode
    o = _default(o)
        │        └ datetime.datetime(2023, 3, 14, 2, 56, 42, tzinfo=datetime.timezone(datetime.timedelta(seconds=10800), '+03:00'))
        └ <bound method JSONEncoder.default of <json.encoder.JSONEncoder object at 0x0000027911672D90>>

  File "C:\Users\grafx\AppData\Local\Programs\Python\Python38\lib\json\encoder.py", line 179, in default
    raise TypeError(f'Object of type {o.__class__.__name__} '

TypeError: Object of type datetime is not JSON serializable
2023-03-14 03:00:26.556 | INFO     | __main__:<module>:21 - Начал работу
2023-03-14 03:00:27.057 | INFO     | __main__:start:101 - Зашел Minimal
2023-03-14 03:00:27.057 | INFO     | __main__:start:102 - {'content_type': 'text', 'id': 1890, 'message_id': 1890, 'from_user': {'id': 5263751490, 'is_bot': False, 'first_name': 'Minimal', 'username': 'Minimal_on', 'last_name': None, 'language_code': 'ru', 'can_join_groups': None, 'can_read_all_group_messages': None, 'supports_inline_queries': None, 'is_premium': None, 'added_to_attachment_menu': None}, 'date': 1678752027, 'chat': {'id': 5263751490, 'type': 'private', 'title': None, 'username': 'Minimal_on', 'first_name': 'Minimal', 'last_name': None, 'is_forum': None, 'photo': None, 'bio': None, 'join_to_send_messages': None, 'join_by_request': None, 'has_private_forwards': None, 'has_restricted_voice_and_video_messages': None, 'description': None, 'invite_link': None, 'pinned_message': None, 'permissions': None, 'slow_mode_delay': None, 'message_auto_delete_time': None, 'has_protected_content': None, 'sticker_set_name': None, 'can_set_sticker_set': None, 'linked_chat_id': None, 'location': None, 'active_usernames': None, 'emoji_status_custom_emoji_id': None, 'has_hidden_members': None, 'has_aggressive_anti_spam_enabled': None}, 'sender_chat': None, 'forward_from': None, 'forward_from_chat': None, 'forward_from_message_id': None, 'forward_signature': None, 'forward_sender_name': None, 'forward_date': None, 'is_automatic_forward': None, 'reply_to_message': None, 'via_bot': None, 'edit_date': None, 'has_protected_content': None, 'media_group_id': None, 'author_signature': None, 'text': '/start', 'entities': [<telebot.types.MessageEntity object at 0x0000029651DF4280>], 'caption_entities': None, 'audio': None, 'document': None, 'photo': None, 'sticker': None, 'video': None, 'video_note': None, 'voice': None, 'caption': None, 'contact': None, 'location': None, 'venue': None, 'animation': None, 'dice': None, 'new_chat_member': None, 'new_chat_members': None, 'left_chat_member': None, 'new_chat_title': None, 'new_chat_photo': None, 'delete_chat_photo': None, 'group_chat_created': None, 'supergroup_chat_created': None, 'channel_chat_created': None, 'migrate_to_chat_id': None, 'migrate_from_chat_id': None, 'pinned_message': None, 'invoice': None, 'successful_payment': None, 'connected_website': None, 'reply_markup': None, 'message_thread_id': None, 'is_topic_message': None, 'forum_topic_created': None, 'forum_topic_closed': None, 'forum_topic_reopened': None, 'has_media_spoiler': None, 'forum_topic_edited': None, 'general_forum_topic_hidden': None, 'general_forum_topic_unhidden': None, 'write_access_allowed': None, 'user_shared': None, 'chat_shared': None, 'json': {'message_id': 1890, 'from': {'id': 5263751490, 'is_bot': False, 'first_name': 'Minimal', 'username': 'Minimal_on', 'language_code': 'ru'}, 'chat': {'id': 5263751490, 'first_name': 'Minimal', 'username': 'Minimal_on', 'type': 'private'}, 'date': 1678752027, 'text': '/start', 'entities': [{'offset': 0, 'length': 6, 'type': 'bot_command'}]}}
2023-03-14 03:00:30.180 | INFO     | __main__:callback_query:28 - ['order']
2023-03-14 03:00:30.262 | INFO     | __main__:callback_query:82 - 'Заказы' - Minimal
2023-03-14 03:00:31.318 | INFO     | __main__:callback_query:28 - ['order-currency', 'RUR']
2023-03-14 03:00:31.398 | INFO     | __main__:callback_query:68 - 'Валюта[RUR]' - Minimal
2023-03-14 03:00:32.561 | INFO     | __main__:callback_query:28 - ['order-paymentGateways', '2749759']
2023-03-14 03:00:32.631 | INFO     | __main__:callback_query:73 - 'Тип оплаты[2749759]' - Minimal
2023-03-14 03:00:35.286 | INFO     | __main__:get_product_id:127 - 'product_id': '340224712', 'name': 'Куртка кожаная натуральная женская черная утепленая (бомбер) PRADA' - Minimal
2023-03-14 03:00:37.261 | INFO     | __main__:callback_query:28 - ['order-price', 'current', '15188.0']
2023-03-14 03:00:38.409 | INFO     | __main__:callback_query:28 - ['order-quantity', '1']
2023-03-14 03:00:38.494 | INFO     | __main__:callback_query:50 - quantity: 1 - Minimal
2023-03-14 03:00:41.304 | INFO     | __main__:get_client_name:177 - 'client_name': 'Салимов Артур Ильгизович' - Minimal
2023-03-14 03:00:43.517 | INFO     | __main__:get_client_phone:203 - 'client_phone': '79934055804' - Minimal
2023-03-14 03:00:48.328 | INFO     | __main__:callback_query:28 - ['сreate']
2023-03-14 03:00:48.402 | INFO     | __main__:callback_query:33 - Создание заказа --- Minimal
2023-03-14 03:00:48.877 | INFO     | __main__:callback_query:36 - ['app:1b142b241f5c4a2429eacbe95e4f3807']
2023-03-14 03:21:03.707 | INFO     | __main__:<module>:21 - Начал работу
2023-03-14 03:21:04.124 | INFO     | __main__:callback_query:28 - ['order']
2023-03-14 03:21:04.329 | INFO     | __main__:callback_query:82 - 'Заказы' - Minimal
2023-03-14 03:21:05.290 | INFO     | __main__:callback_query:28 - ['order-currency', 'RUR']
2023-03-14 03:21:05.360 | INFO     | __main__:callback_query:68 - 'Валюта[RUR]' - Minimal
2023-03-14 03:21:06.355 | INFO     | __main__:callback_query:28 - ['order-paymentGateways', '2749759']
2023-03-14 03:21:06.424 | INFO     | __main__:callback_query:73 - 'Тип оплаты[2749759]' - Minimal
2023-03-14 03:21:09.080 | INFO     | __main__:get_product_id:127 - 'product_id': '340224712', 'name': 'Куртка кожаная натуральная женская черная утепленая (бомбер) PRADA' - Minimal
2023-03-14 03:21:10.184 | INFO     | __main__:callback_query:28 - ['order-price', 'current', '15188.0']
2023-03-14 03:21:11.302 | INFO     | __main__:callback_query:28 - ['order-quantity', '1']
2023-03-14 03:21:11.376 | INFO     | __main__:callback_query:50 - quantity: 1 - Minimal
2023-03-14 03:21:14.802 | INFO     | __main__:get_client_name:177 - 'client_name': 'Салимов Артур Ильгизович' - Minimal
2023-03-14 03:21:16.937 | INFO     | __main__:get_client_phone:203 - 'client_phone': '79934055804' - Minimal
2023-03-14 03:21:18.459 | INFO     | __main__:callback_query:28 - ['сreate']
2023-03-14 03:21:18.537 | INFO     | __main__:callback_query:33 - Создание заказа --- Minimal
2023-03-14 03:21:18.909 | INFO     | __main__:callback_query:36 - ['app:1b142b241f5c4a2429eacbe95e4f3807']
2023-03-14 15:26:10.072 | INFO     | __main__:<module>:21 - Начал работу
2023-03-14 18:04:54.838 | INFO     | __main__:<module>:21 - Начал работу
2023-03-14 18:08:42.770 | INFO     | __main__:<module>:21 - Начал работу
